{"C:\\Users\\vanpo\\Desktop\\github\\mySpotifyApp\\My_spotify-app\\src\\api\\api.playlists.js": {"path":"C:\\Users\\vanpo\\Desktop\\github\\mySpotifyApp\\My_spotify-app\\src\\api\\api.playlists.js","statementMap":{"0":{"start":{"line":2,"column":19},"end":{"line":4,"column":2}},"1":{"start":{"line":6,"column":23},"end":{"line":10,"column":1}},"2":{"start":{"line":7,"column":2},"end":{"line":9,"column":3}},"3":{"start":{"line":8,"column":4},"end":{"line":8,"column":47}},"4":{"start":{"line":12,"column":18},"end":{"line":16,"column":1}},"5":{"start":{"line":13,"column":2},"end":{"line":15,"column":3}},"6":{"start":{"line":14,"column":4},"end":{"line":14,"column":42}},"7":{"start":{"line":18,"column":28},"end":{"line":24,"column":2}},"8":{"start":{"line":18,"column":44},"end":{"line":24,"column":1}},"9":{"start":{"line":28,"column":24},"end":{"line":28,"column":40}},"10":{"start":{"line":29,"column":19},"end":{"line":29,"column":30}},"11":{"start":{"line":31,"column":4},"end":{"line":34,"column":7}},"12":{"start":{"line":32,"column":6},"end":{"line":32,"column":61}},"13":{"start":{"line":33,"column":6},"end":{"line":33,"column":17}},"14":{"start":{"line":36,"column":4},"end":{"line":38,"column":47}},"15":{"start":{"line":38,"column":26},"end":{"line":38,"column":45}},"16":{"start":{"line":42,"column":4},"end":{"line":57,"column":5}},"17":{"start":{"line":43,"column":23},"end":{"line":52,"column":7}},"18":{"start":{"line":53,"column":21},"end":{"line":53,"column":42}},"19":{"start":{"line":54,"column":6},"end":{"line":54,"column":26}},"20":{"start":{"line":56,"column":6},"end":{"line":56,"column":37}},"21":{"start":{"line":61,"column":34},"end":{"line":61,"column":39}},"22":{"start":{"line":62,"column":24},"end":{"line":62,"column":40}},"23":{"start":{"line":63,"column":19},"end":{"line":63,"column":30}},"24":{"start":{"line":65,"column":4},"end":{"line":68,"column":7}},"25":{"start":{"line":66,"column":6},"end":{"line":66,"column":61}},"26":{"start":{"line":67,"column":6},"end":{"line":67,"column":17}},"27":{"start":{"line":70,"column":4},"end":{"line":84,"column":9}},"28":{"start":{"line":75,"column":26},"end":{"line":75,"column":39}},"29":{"start":{"line":77,"column":29},"end":{"line":82,"column":9}},"30":{"start":{"line":83,"column":8},"end":{"line":83,"column":28}},"31":{"start":{"line":88,"column":24},"end":{"line":88,"column":29}},"32":{"start":{"line":89,"column":18},"end":{"line":92,"column":5}},"33":{"start":{"line":93,"column":24},"end":{"line":93,"column":40}},"34":{"start":{"line":94,"column":4},"end":{"line":97,"column":7}},"35":{"start":{"line":95,"column":6},"end":{"line":95,"column":61}},"36":{"start":{"line":96,"column":6},"end":{"line":96,"column":17}},"37":{"start":{"line":98,"column":4},"end":{"line":100,"column":36}},"38":{"start":{"line":100,"column":26},"end":{"line":100,"column":34}},"39":{"start":{"line":104,"column":37},"end":{"line":104,"column":42}},"40":{"start":{"line":105,"column":18},"end":{"line":111,"column":5}},"41":{"start":{"line":112,"column":24},"end":{"line":112,"column":40}},"42":{"start":{"line":113,"column":4},"end":{"line":116,"column":7}},"43":{"start":{"line":114,"column":6},"end":{"line":114,"column":61}},"44":{"start":{"line":115,"column":6},"end":{"line":115,"column":17}},"45":{"start":{"line":117,"column":4},"end":{"line":119,"column":36}},"46":{"start":{"line":119,"column":26},"end":{"line":119,"column":34}}},"fnMap":{"0":{"name":"(anonymous_0)","decl":{"start":{"line":6,"column":23},"end":{"line":6,"column":24}},"loc":{"start":{"line":6,"column":29},"end":{"line":10,"column":1}},"line":6},"1":{"name":"(anonymous_1)","decl":{"start":{"line":12,"column":18},"end":{"line":12,"column":19}},"loc":{"start":{"line":12,"column":24},"end":{"line":16,"column":1}},"line":12},"2":{"name":"(anonymous_2)","decl":{"start":{"line":18,"column":28},"end":{"line":18,"column":29}},"loc":{"start":{"line":18,"column":44},"end":{"line":24,"column":1}},"line":18},"3":{"name":"(anonymous_3)","decl":{"start":{"line":27,"column":20},"end":{"line":27,"column":21}},"loc":{"start":{"line":27,"column":26},"end":{"line":39,"column":3}},"line":27},"4":{"name":"(anonymous_4)","decl":{"start":{"line":31,"column":40},"end":{"line":31,"column":41}},"loc":{"start":{"line":31,"column":49},"end":{"line":34,"column":5}},"line":31},"5":{"name":"(anonymous_5)","decl":{"start":{"line":38,"column":12},"end":{"line":38,"column":13}},"loc":{"start":{"line":38,"column":26},"end":{"line":38,"column":45}},"line":38},"6":{"name":"(anonymous_6)","decl":{"start":{"line":41,"column":24},"end":{"line":41,"column":25}},"loc":{"start":{"line":41,"column":47},"end":{"line":58,"column":3}},"line":41},"7":{"name":"(anonymous_7)","decl":{"start":{"line":60,"column":22},"end":{"line":60,"column":23}},"loc":{"start":{"line":60,"column":33},"end":{"line":85,"column":3}},"line":60},"8":{"name":"(anonymous_8)","decl":{"start":{"line":65,"column":40},"end":{"line":65,"column":41}},"loc":{"start":{"line":65,"column":49},"end":{"line":68,"column":5}},"line":65},"9":{"name":"(anonymous_9)","decl":{"start":{"line":75,"column":12},"end":{"line":75,"column":13}},"loc":{"start":{"line":75,"column":26},"end":{"line":75,"column":39}},"line":75},"10":{"name":"(anonymous_10)","decl":{"start":{"line":76,"column":12},"end":{"line":76,"column":13}},"loc":{"start":{"line":76,"column":22},"end":{"line":84,"column":7}},"line":76},"11":{"name":"(anonymous_11)","decl":{"start":{"line":87,"column":22},"end":{"line":87,"column":23}},"loc":{"start":{"line":87,"column":33},"end":{"line":101,"column":3}},"line":87},"12":{"name":"(anonymous_12)","decl":{"start":{"line":94,"column":40},"end":{"line":94,"column":41}},"loc":{"start":{"line":94,"column":49},"end":{"line":97,"column":5}},"line":94},"13":{"name":"(anonymous_13)","decl":{"start":{"line":100,"column":12},"end":{"line":100,"column":13}},"loc":{"start":{"line":100,"column":26},"end":{"line":100,"column":34}},"line":100},"14":{"name":"(anonymous_14)","decl":{"start":{"line":103,"column":27},"end":{"line":103,"column":28}},"loc":{"start":{"line":103,"column":38},"end":{"line":120,"column":3}},"line":103},"15":{"name":"(anonymous_15)","decl":{"start":{"line":113,"column":40},"end":{"line":113,"column":41}},"loc":{"start":{"line":113,"column":49},"end":{"line":116,"column":5}},"line":113},"16":{"name":"(anonymous_16)","decl":{"start":{"line":119,"column":12},"end":{"line":119,"column":13}},"loc":{"start":{"line":119,"column":26},"end":{"line":119,"column":34}},"line":119}},"branchMap":{"0":{"loc":{"start":{"line":7,"column":2},"end":{"line":9,"column":3}},"type":"if","locations":[{"start":{"line":7,"column":2},"end":{"line":9,"column":3}},{"start":{},"end":{}}],"line":7},"1":{"loc":{"start":{"line":13,"column":2},"end":{"line":15,"column":3}},"type":"if","locations":[{"start":{"line":13,"column":2},"end":{"line":15,"column":3}},{"start":{},"end":{}}],"line":13},"2":{"loc":{"start":{"line":19,"column":9},"end":{"line":19,"column":64}},"type":"cond-expr","locations":[{"start":{"line":19,"column":36},"end":{"line":19,"column":59}},{"start":{"line":19,"column":62},"end":{"line":19,"column":64}}],"line":19}},"s":{"0":1,"1":1,"2":0,"3":0,"4":1,"5":0,"6":0,"7":1,"8":0,"9":0,"10":0,"11":0,"12":0,"13":0,"14":0,"15":0,"16":0,"17":0,"18":0,"19":0,"20":0,"21":0,"22":0,"23":0,"24":0,"25":0,"26":0,"27":0,"28":0,"29":0,"30":0,"31":0,"32":0,"33":0,"34":0,"35":0,"36":0,"37":0,"38":0,"39":0,"40":0,"41":0,"42":0,"43":0,"44":0,"45":0,"46":0},"f":{"0":0,"1":0,"2":0,"3":0,"4":0,"5":0,"6":0,"7":0,"8":0,"9":0,"10":0,"11":0,"12":0,"13":0,"14":0,"15":0,"16":0},"b":{"0":[0,0],"1":[0,0],"2":[0,0]},"_coverageSchema":"1a1c01bbd47fc00a2c39e90264f33305004495a9","hash":"ed61a0354757819ce0a862fca864edb91dbc1b72"}
,"C:\\Users\\vanpo\\Desktop\\github\\mySpotifyApp\\My_spotify-app\\src\\api\\api.user.js": {"path":"C:\\Users\\vanpo\\Desktop\\github\\mySpotifyApp\\My_spotify-app\\src\\api\\api.user.js","statementMap":{"0":{"start":{"line":3,"column":19},"end":{"line":5,"column":2}},"1":{"start":{"line":6,"column":23},"end":{"line":10,"column":1}},"2":{"start":{"line":7,"column":2},"end":{"line":9,"column":3}},"3":{"start":{"line":8,"column":4},"end":{"line":8,"column":47}},"4":{"start":{"line":12,"column":33},"end":{"line":17,"column":2}},"5":{"start":{"line":12,"column":44},"end":{"line":17,"column":1}},"6":{"start":{"line":21,"column":4},"end":{"line":24,"column":7}},"7":{"start":{"line":22,"column":6},"end":{"line":22,"column":61}},"8":{"start":{"line":23,"column":6},"end":{"line":23,"column":17}},"9":{"start":{"line":26,"column":4},"end":{"line":26,"column":66}},"10":{"start":{"line":26,"column":51},"end":{"line":26,"column":64}},"11":{"start":{"line":30,"column":24},"end":{"line":30,"column":40}},"12":{"start":{"line":31,"column":4},"end":{"line":34,"column":7}},"13":{"start":{"line":32,"column":6},"end":{"line":32,"column":61}},"14":{"start":{"line":33,"column":6},"end":{"line":33,"column":17}},"15":{"start":{"line":36,"column":4},"end":{"line":39,"column":71}},"16":{"start":{"line":38,"column":26},"end":{"line":38,"column":45}},"17":{"start":{"line":39,"column":32},"end":{"line":39,"column":69}}},"fnMap":{"0":{"name":"(anonymous_0)","decl":{"start":{"line":6,"column":23},"end":{"line":6,"column":24}},"loc":{"start":{"line":6,"column":29},"end":{"line":10,"column":1}},"line":6},"1":{"name":"(anonymous_1)","decl":{"start":{"line":12,"column":33},"end":{"line":12,"column":34}},"loc":{"start":{"line":12,"column":44},"end":{"line":17,"column":1}},"line":12},"2":{"name":"(anonymous_2)","decl":{"start":{"line":20,"column":23},"end":{"line":20,"column":24}},"loc":{"start":{"line":20,"column":40},"end":{"line":27,"column":3}},"line":20},"3":{"name":"(anonymous_3)","decl":{"start":{"line":21,"column":40},"end":{"line":21,"column":41}},"loc":{"start":{"line":21,"column":49},"end":{"line":24,"column":5}},"line":21},"4":{"name":"(anonymous_4)","decl":{"start":{"line":26,"column":37},"end":{"line":26,"column":38}},"loc":{"start":{"line":26,"column":51},"end":{"line":26,"column":64}},"line":26},"5":{"name":"(anonymous_5)","decl":{"start":{"line":29,"column":19},"end":{"line":29,"column":20}},"loc":{"start":{"line":29,"column":25},"end":{"line":40,"column":3}},"line":29},"6":{"name":"(anonymous_6)","decl":{"start":{"line":31,"column":40},"end":{"line":31,"column":41}},"loc":{"start":{"line":31,"column":49},"end":{"line":34,"column":5}},"line":31},"7":{"name":"(anonymous_7)","decl":{"start":{"line":38,"column":12},"end":{"line":38,"column":13}},"loc":{"start":{"line":38,"column":26},"end":{"line":38,"column":45}},"line":38},"8":{"name":"(anonymous_8)","decl":{"start":{"line":39,"column":12},"end":{"line":39,"column":13}},"loc":{"start":{"line":39,"column":32},"end":{"line":39,"column":69}},"line":39}},"branchMap":{"0":{"loc":{"start":{"line":7,"column":2},"end":{"line":9,"column":3}},"type":"if","locations":[{"start":{"line":7,"column":2},"end":{"line":9,"column":3}},{"start":{},"end":{}}],"line":7}},"s":{"0":1,"1":1,"2":0,"3":0,"4":1,"5":0,"6":0,"7":0,"8":0,"9":0,"10":0,"11":0,"12":0,"13":0,"14":0,"15":0,"16":0,"17":0},"f":{"0":0,"1":0,"2":0,"3":0,"4":0,"5":0,"6":0,"7":0,"8":0},"b":{"0":[0,0]},"_coverageSchema":"1a1c01bbd47fc00a2c39e90264f33305004495a9","hash":"aab9809b51d33853d48553b4be623a56902f14c2"}
,"C:\\Users\\vanpo\\Desktop\\github\\mySpotifyApp\\My_spotify-app\\src\\store\\playlists\\playlistsSlice.js": {"path":"C:\\Users\\vanpo\\Desktop\\github\\mySpotifyApp\\My_spotify-app\\src\\store\\playlists\\playlistsSlice.js","statementMap":{"0":{"start":{"line":9,"column":20},"end":{"line":9,"column":41}},"1":{"start":{"line":10,"column":21},"end":{"line":17,"column":2}},"2":{"start":{"line":19,"column":28},"end":{"line":25,"column":1}},"3":{"start":{"line":22,"column":21},"end":{"line":22,"column":69}},"4":{"start":{"line":23,"column":4},"end":{"line":23,"column":20}},"5":{"start":{"line":27,"column":32},"end":{"line":33,"column":1}},"6":{"start":{"line":30,"column":21},"end":{"line":30,"column":75}},"7":{"start":{"line":31,"column":4},"end":{"line":31,"column":20}},"8":{"start":{"line":35,"column":30},"end":{"line":41,"column":1}},"9":{"start":{"line":38,"column":21},"end":{"line":38,"column":76}},"10":{"start":{"line":39,"column":4},"end":{"line":39,"column":20}},"11":{"start":{"line":43,"column":34},"end":{"line":49,"column":1}},"12":{"start":{"line":46,"column":21},"end":{"line":46,"column":76}},"13":{"start":{"line":47,"column":4},"end":{"line":47,"column":20}},"14":{"start":{"line":51,"column":39},"end":{"line":59,"column":1}},"15":{"start":{"line":54,"column":21},"end":{"line":56,"column":5}},"16":{"start":{"line":57,"column":4},"end":{"line":57,"column":20}},"17":{"start":{"line":61,"column":30},"end":{"line":139,"column":2}},"18":{"start":{"line":66,"column":6},"end":{"line":66,"column":39}},"19":{"start":{"line":69,"column":6},"end":{"line":69,"column":42}},"20":{"start":{"line":74,"column":4},"end":{"line":137,"column":8}},"21":{"start":{"line":76,"column":8},"end":{"line":76,"column":31}},"22":{"start":{"line":79,"column":8},"end":{"line":79,"column":41}},"23":{"start":{"line":80,"column":8},"end":{"line":80,"column":32}},"24":{"start":{"line":81,"column":8},"end":{"line":81,"column":28}},"25":{"start":{"line":84,"column":8},"end":{"line":84,"column":27}},"26":{"start":{"line":85,"column":8},"end":{"line":85,"column":32}},"27":{"start":{"line":88,"column":8},"end":{"line":88,"column":31}},"28":{"start":{"line":91,"column":8},"end":{"line":91,"column":38}},"29":{"start":{"line":92,"column":8},"end":{"line":92,"column":32}},"30":{"start":{"line":93,"column":8},"end":{"line":93,"column":28}},"31":{"start":{"line":96,"column":8},"end":{"line":96,"column":32}},"32":{"start":{"line":97,"column":8},"end":{"line":97,"column":27}},"33":{"start":{"line":100,"column":8},"end":{"line":100,"column":31}},"34":{"start":{"line":103,"column":8},"end":{"line":103,"column":32}},"35":{"start":{"line":104,"column":8},"end":{"line":104,"column":28}},"36":{"start":{"line":107,"column":8},"end":{"line":107,"column":32}},"37":{"start":{"line":108,"column":8},"end":{"line":108,"column":27}},"38":{"start":{"line":111,"column":8},"end":{"line":111,"column":31}},"39":{"start":{"line":114,"column":8},"end":{"line":114,"column":32}},"40":{"start":{"line":115,"column":8},"end":{"line":115,"column":28}},"41":{"start":{"line":118,"column":8},"end":{"line":118,"column":32}},"42":{"start":{"line":119,"column":8},"end":{"line":119,"column":27}},"43":{"start":{"line":122,"column":8},"end":{"line":122,"column":31}},"44":{"start":{"line":127,"column":10},"end":{"line":127,"column":34}},"45":{"start":{"line":128,"column":10},"end":{"line":128,"column":30}},"46":{"start":{"line":134,"column":10},"end":{"line":134,"column":34}},"47":{"start":{"line":135,"column":10},"end":{"line":135,"column":29}},"48":{"start":{"line":140,"column":49},"end":{"line":140,"column":71}},"49":{"start":{"line":145,"column":35},"end":{"line":145,"column":71}},"50":{"start":{"line":145,"column":46},"end":{"line":145,"column":71}},"51":{"start":{"line":146,"column":40},"end":{"line":146,"column":76}},"52":{"start":{"line":146,"column":51},"end":{"line":146,"column":76}},"53":{"start":{"line":147,"column":31},"end":{"line":147,"column":67}},"54":{"start":{"line":147,"column":42},"end":{"line":147,"column":67}},"55":{"start":{"line":148,"column":41},"end":{"line":148,"column":74}},"56":{"start":{"line":148,"column":52},"end":{"line":148,"column":74}},"57":{"start":{"line":149,"column":34},"end":{"line":149,"column":73}},"58":{"start":{"line":149,"column":45},"end":{"line":149,"column":73}}},"fnMap":{"0":{"name":"(anonymous_0)","decl":{"start":{"line":21,"column":2},"end":{"line":21,"column":3}},"loc":{"start":{"line":21,"column":14},"end":{"line":24,"column":3}},"line":21},"1":{"name":"(anonymous_1)","decl":{"start":{"line":29,"column":2},"end":{"line":29,"column":3}},"loc":{"start":{"line":29,"column":16},"end":{"line":32,"column":3}},"line":29},"2":{"name":"(anonymous_2)","decl":{"start":{"line":37,"column":2},"end":{"line":37,"column":3}},"loc":{"start":{"line":37,"column":19},"end":{"line":40,"column":3}},"line":37},"3":{"name":"(anonymous_3)","decl":{"start":{"line":45,"column":2},"end":{"line":45,"column":3}},"loc":{"start":{"line":45,"column":19},"end":{"line":48,"column":3}},"line":45},"4":{"name":"(anonymous_4)","decl":{"start":{"line":53,"column":2},"end":{"line":53,"column":3}},"loc":{"start":{"line":53,"column":19},"end":{"line":58,"column":3}},"line":53},"5":{"name":"(anonymous_5)","decl":{"start":{"line":65,"column":4},"end":{"line":65,"column":5}},"loc":{"start":{"line":65,"column":32},"end":{"line":67,"column":5}},"line":65},"6":{"name":"(anonymous_6)","decl":{"start":{"line":68,"column":4},"end":{"line":68,"column":5}},"loc":{"start":{"line":68,"column":35},"end":{"line":70,"column":5}},"line":68},"7":{"name":"(anonymous_7)","decl":{"start":{"line":72,"column":17},"end":{"line":72,"column":18}},"loc":{"start":{"line":72,"column":30},"end":{"line":138,"column":3}},"line":72},"8":{"name":"(anonymous_8)","decl":{"start":{"line":75,"column":49},"end":{"line":75,"column":50}},"loc":{"start":{"line":75,"column":68},"end":{"line":77,"column":7}},"line":75},"9":{"name":"(anonymous_9)","decl":{"start":{"line":78,"column":51},"end":{"line":78,"column":52}},"loc":{"start":{"line":78,"column":70},"end":{"line":82,"column":7}},"line":78},"10":{"name":"(anonymous_10)","decl":{"start":{"line":83,"column":50},"end":{"line":83,"column":51}},"loc":{"start":{"line":83,"column":69},"end":{"line":86,"column":7}},"line":83},"11":{"name":"(anonymous_11)","decl":{"start":{"line":87,"column":53},"end":{"line":87,"column":54}},"loc":{"start":{"line":87,"column":72},"end":{"line":89,"column":7}},"line":87},"12":{"name":"(anonymous_12)","decl":{"start":{"line":90,"column":55},"end":{"line":90,"column":56}},"loc":{"start":{"line":90,"column":74},"end":{"line":94,"column":7}},"line":90},"13":{"name":"(anonymous_13)","decl":{"start":{"line":95,"column":54},"end":{"line":95,"column":55}},"loc":{"start":{"line":95,"column":73},"end":{"line":98,"column":7}},"line":95},"14":{"name":"(anonymous_14)","decl":{"start":{"line":99,"column":51},"end":{"line":99,"column":52}},"loc":{"start":{"line":99,"column":70},"end":{"line":101,"column":7}},"line":99},"15":{"name":"(anonymous_15)","decl":{"start":{"line":102,"column":53},"end":{"line":102,"column":54}},"loc":{"start":{"line":102,"column":72},"end":{"line":105,"column":7}},"line":102},"16":{"name":"(anonymous_16)","decl":{"start":{"line":106,"column":52},"end":{"line":106,"column":53}},"loc":{"start":{"line":106,"column":71},"end":{"line":109,"column":7}},"line":106},"17":{"name":"(anonymous_17)","decl":{"start":{"line":110,"column":55},"end":{"line":110,"column":56}},"loc":{"start":{"line":110,"column":74},"end":{"line":112,"column":7}},"line":110},"18":{"name":"(anonymous_18)","decl":{"start":{"line":113,"column":57},"end":{"line":113,"column":58}},"loc":{"start":{"line":113,"column":76},"end":{"line":116,"column":7}},"line":113},"19":{"name":"(anonymous_19)","decl":{"start":{"line":117,"column":56},"end":{"line":117,"column":57}},"loc":{"start":{"line":117,"column":75},"end":{"line":120,"column":7}},"line":117},"20":{"name":"(anonymous_20)","decl":{"start":{"line":121,"column":60},"end":{"line":121,"column":61}},"loc":{"start":{"line":121,"column":79},"end":{"line":123,"column":7}},"line":121},"21":{"name":"(anonymous_21)","decl":{"start":{"line":126,"column":8},"end":{"line":126,"column":9}},"loc":{"start":{"line":126,"column":27},"end":{"line":129,"column":9}},"line":126},"22":{"name":"(anonymous_22)","decl":{"start":{"line":133,"column":8},"end":{"line":133,"column":9}},"loc":{"start":{"line":133,"column":27},"end":{"line":136,"column":9}},"line":133},"23":{"name":"(anonymous_23)","decl":{"start":{"line":145,"column":35},"end":{"line":145,"column":36}},"loc":{"start":{"line":145,"column":46},"end":{"line":145,"column":71}},"line":145},"24":{"name":"(anonymous_24)","decl":{"start":{"line":146,"column":40},"end":{"line":146,"column":41}},"loc":{"start":{"line":146,"column":51},"end":{"line":146,"column":76}},"line":146},"25":{"name":"(anonymous_25)","decl":{"start":{"line":147,"column":31},"end":{"line":147,"column":32}},"loc":{"start":{"line":147,"column":42},"end":{"line":147,"column":67}},"line":147},"26":{"name":"(anonymous_26)","decl":{"start":{"line":148,"column":41},"end":{"line":148,"column":42}},"loc":{"start":{"line":148,"column":52},"end":{"line":148,"column":74}},"line":148},"27":{"name":"(anonymous_27)","decl":{"start":{"line":149,"column":34},"end":{"line":149,"column":35}},"loc":{"start":{"line":149,"column":45},"end":{"line":149,"column":73}},"line":149}},"branchMap":{},"s":{"0":1,"1":1,"2":1,"3":0,"4":0,"5":1,"6":0,"7":0,"8":1,"9":0,"10":0,"11":1,"12":0,"13":0,"14":1,"15":0,"16":0,"17":1,"18":1,"19":1,"20":1,"21":0,"22":0,"23":0,"24":0,"25":0,"26":0,"27":0,"28":0,"29":0,"30":0,"31":0,"32":0,"33":0,"34":0,"35":0,"36":0,"37":0,"38":0,"39":0,"40":0,"41":0,"42":0,"43":0,"44":0,"45":0,"46":0,"47":0,"48":1,"49":1,"50":0,"51":1,"52":0,"53":1,"54":0,"55":1,"56":0,"57":1,"58":0},"f":{"0":0,"1":0,"2":0,"3":0,"4":0,"5":1,"6":1,"7":1,"8":0,"9":0,"10":0,"11":0,"12":0,"13":0,"14":0,"15":0,"16":0,"17":0,"18":0,"19":0,"20":0,"21":0,"22":0,"23":0,"24":0,"25":0,"26":0,"27":0},"b":{},"_coverageSchema":"1a1c01bbd47fc00a2c39e90264f33305004495a9","hash":"b6656b54659f03ee9516c21af3b835a0228ba01d"}
,"C:\\Users\\vanpo\\Desktop\\github\\mySpotifyApp\\My_spotify-app\\src\\store\\user\\userSlice.js": {"path":"C:\\Users\\vanpo\\Desktop\\github\\mySpotifyApp\\My_spotify-app\\src\\store\\user\\userSlice.js","statementMap":{"0":{"start":{"line":9,"column":20},"end":{"line":9,"column":41}},"1":{"start":{"line":10,"column":21},"end":{"line":16,"column":2}},"2":{"start":{"line":18,"column":30},"end":{"line":24,"column":1}},"3":{"start":{"line":21,"column":21},"end":{"line":21,"column":68}},"4":{"start":{"line":22,"column":4},"end":{"line":22,"column":20}},"5":{"start":{"line":26,"column":37},"end":{"line":32,"column":1}},"6":{"start":{"line":29,"column":21},"end":{"line":29,"column":59}},"7":{"start":{"line":30,"column":4},"end":{"line":30,"column":20}},"8":{"start":{"line":34,"column":25},"end":{"line":67,"column":2}},"9":{"start":{"line":40,"column":4},"end":{"line":65,"column":9}},"10":{"start":{"line":42,"column":8},"end":{"line":42,"column":31}},"11":{"start":{"line":45,"column":8},"end":{"line":45,"column":41}},"12":{"start":{"line":46,"column":8},"end":{"line":46,"column":32}},"13":{"start":{"line":47,"column":8},"end":{"line":47,"column":36}},"14":{"start":{"line":48,"column":8},"end":{"line":48,"column":28}},"15":{"start":{"line":49,"column":8},"end":{"line":49,"column":58}},"16":{"start":{"line":52,"column":8},"end":{"line":52,"column":32}},"17":{"start":{"line":55,"column":8},"end":{"line":55,"column":31}},"18":{"start":{"line":58,"column":8},"end":{"line":58,"column":32}},"19":{"start":{"line":59,"column":8},"end":{"line":59,"column":27}},"20":{"start":{"line":60,"column":8},"end":{"line":60,"column":48}},"21":{"start":{"line":63,"column":8},"end":{"line":63,"column":32}},"22":{"start":{"line":64,"column":8},"end":{"line":64,"column":35}},"23":{"start":{"line":72,"column":31},"end":{"line":72,"column":62}},"24":{"start":{"line":72,"column":42},"end":{"line":72,"column":62}},"25":{"start":{"line":73,"column":36},"end":{"line":73,"column":72}},"26":{"start":{"line":73,"column":47},"end":{"line":73,"column":72}},"27":{"start":{"line":74,"column":36},"end":{"line":74,"column":74}},"28":{"start":{"line":74,"column":47},"end":{"line":74,"column":74}},"29":{"start":{"line":75,"column":35},"end":{"line":75,"column":66}},"30":{"start":{"line":75,"column":46},"end":{"line":75,"column":66}}},"fnMap":{"0":{"name":"(anonymous_0)","decl":{"start":{"line":20,"column":2},"end":{"line":20,"column":3}},"loc":{"start":{"line":20,"column":19},"end":{"line":23,"column":3}},"line":20},"1":{"name":"(anonymous_1)","decl":{"start":{"line":28,"column":2},"end":{"line":28,"column":3}},"loc":{"start":{"line":28,"column":14},"end":{"line":31,"column":3}},"line":28},"2":{"name":"(anonymous_2)","decl":{"start":{"line":38,"column":17},"end":{"line":38,"column":18}},"loc":{"start":{"line":38,"column":30},"end":{"line":66,"column":3}},"line":38},"3":{"name":"(anonymous_3)","decl":{"start":{"line":41,"column":51},"end":{"line":41,"column":52}},"loc":{"start":{"line":41,"column":70},"end":{"line":43,"column":7}},"line":41},"4":{"name":"(anonymous_4)","decl":{"start":{"line":44,"column":53},"end":{"line":44,"column":54}},"loc":{"start":{"line":44,"column":72},"end":{"line":50,"column":7}},"line":44},"5":{"name":"(anonymous_5)","decl":{"start":{"line":51,"column":52},"end":{"line":51,"column":53}},"loc":{"start":{"line":51,"column":71},"end":{"line":53,"column":7}},"line":51},"6":{"name":"(anonymous_6)","decl":{"start":{"line":54,"column":58},"end":{"line":54,"column":59}},"loc":{"start":{"line":54,"column":77},"end":{"line":56,"column":7}},"line":54},"7":{"name":"(anonymous_7)","decl":{"start":{"line":57,"column":60},"end":{"line":57,"column":61}},"loc":{"start":{"line":57,"column":79},"end":{"line":61,"column":7}},"line":57},"8":{"name":"(anonymous_8)","decl":{"start":{"line":62,"column":59},"end":{"line":62,"column":60}},"loc":{"start":{"line":62,"column":78},"end":{"line":65,"column":7}},"line":62},"9":{"name":"(anonymous_9)","decl":{"start":{"line":72,"column":31},"end":{"line":72,"column":32}},"loc":{"start":{"line":72,"column":42},"end":{"line":72,"column":62}},"line":72},"10":{"name":"(anonymous_10)","decl":{"start":{"line":73,"column":36},"end":{"line":73,"column":37}},"loc":{"start":{"line":73,"column":47},"end":{"line":73,"column":72}},"line":73},"11":{"name":"(anonymous_11)","decl":{"start":{"line":74,"column":36},"end":{"line":74,"column":37}},"loc":{"start":{"line":74,"column":47},"end":{"line":74,"column":74}},"line":74},"12":{"name":"(anonymous_12)","decl":{"start":{"line":75,"column":35},"end":{"line":75,"column":36}},"loc":{"start":{"line":75,"column":46},"end":{"line":75,"column":66}},"line":75}},"branchMap":{},"s":{"0":1,"1":1,"2":1,"3":0,"4":0,"5":1,"6":0,"7":0,"8":1,"9":1,"10":0,"11":0,"12":0,"13":0,"14":0,"15":0,"16":0,"17":0,"18":0,"19":0,"20":0,"21":0,"22":0,"23":1,"24":0,"25":1,"26":0,"27":1,"28":0,"29":1,"30":0},"f":{"0":0,"1":0,"2":1,"3":0,"4":0,"5":0,"6":0,"7":0,"8":0,"9":0,"10":0,"11":0,"12":0},"b":{},"_coverageSchema":"1a1c01bbd47fc00a2c39e90264f33305004495a9","hash":"61d08f55b65a4633e91398d4ef475b73d38f5dde"}
,"C:\\Users\\vanpo\\Desktop\\github\\mySpotifyApp\\My_spotify-app\\src\\utils\\convertMsToMinutesSeconds.js": {"path":"C:\\Users\\vanpo\\Desktop\\github\\mySpotifyApp\\My_spotify-app\\src\\utils\\convertMsToMinutesSeconds.js","statementMap":{"0":{"start":{"line":1,"column":21},"end":{"line":3,"column":1}},"1":{"start":{"line":2,"column":2},"end":{"line":2,"column":41}},"2":{"start":{"line":5,"column":41},"end":{"line":12,"column":1}},"3":{"start":{"line":6,"column":18},"end":{"line":6,"column":50}},"4":{"start":{"line":7,"column":18},"end":{"line":7,"column":59}},"5":{"start":{"line":9,"column":2},"end":{"line":11,"column":44}}},"fnMap":{"0":{"name":"(anonymous_0)","decl":{"start":{"line":1,"column":21},"end":{"line":1,"column":22}},"loc":{"start":{"line":1,"column":30},"end":{"line":3,"column":1}},"line":1},"1":{"name":"(anonymous_1)","decl":{"start":{"line":5,"column":41},"end":{"line":5,"column":42}},"loc":{"start":{"line":5,"column":59},"end":{"line":12,"column":1}},"line":5}},"branchMap":{"0":{"loc":{"start":{"line":9,"column":9},"end":{"line":11,"column":43}},"type":"cond-expr","locations":[{"start":{"line":10,"column":6},"end":{"line":10,"column":25}},{"start":{"line":11,"column":6},"end":{"line":11,"column":43}}],"line":9}},"s":{"0":1,"1":1,"2":1,"3":1,"4":1,"5":1},"f":{"0":1,"1":1},"b":{"0":[0,1]},"_coverageSchema":"1a1c01bbd47fc00a2c39e90264f33305004495a9","hash":"dc8c0f06f6383510904d996d502aab08288b7b97"}
}
