TN:
SF:src\api\api.playlists.js
FN:6,(anonymous_0)
FN:12,(anonymous_1)
FN:18,(anonymous_2)
FN:27,(anonymous_3)
FN:31,(anonymous_4)
FN:38,(anonymous_5)
FN:41,(anonymous_6)
FN:60,(anonymous_7)
FN:65,(anonymous_8)
FN:75,(anonymous_9)
FN:76,(anonymous_10)
FN:87,(anonymous_11)
FN:94,(anonymous_12)
FN:100,(anonymous_13)
FN:103,(anonymous_14)
FN:113,(anonymous_15)
FN:119,(anonymous_16)
FNF:17
FNH:0
FNDA:0,(anonymous_0)
FNDA:0,(anonymous_1)
FNDA:0,(anonymous_2)
FNDA:0,(anonymous_3)
FNDA:0,(anonymous_4)
FNDA:0,(anonymous_5)
FNDA:0,(anonymous_6)
FNDA:0,(anonymous_7)
FNDA:0,(anonymous_8)
FNDA:0,(anonymous_9)
FNDA:0,(anonymous_10)
FNDA:0,(anonymous_11)
FNDA:0,(anonymous_12)
FNDA:0,(anonymous_13)
FNDA:0,(anonymous_14)
FNDA:0,(anonymous_15)
FNDA:0,(anonymous_16)
DA:2,1
DA:6,1
DA:7,0
DA:8,0
DA:12,1
DA:13,0
DA:14,0
DA:18,1
DA:28,0
DA:29,0
DA:31,0
DA:32,0
DA:33,0
DA:36,0
DA:38,0
DA:42,0
DA:43,0
DA:53,0
DA:54,0
DA:56,0
DA:61,0
DA:62,0
DA:63,0
DA:65,0
DA:66,0
DA:67,0
DA:70,0
DA:75,0
DA:77,0
DA:83,0
DA:88,0
DA:89,0
DA:93,0
DA:94,0
DA:95,0
DA:96,0
DA:98,0
DA:100,0
DA:104,0
DA:105,0
DA:112,0
DA:113,0
DA:114,0
DA:115,0
DA:117,0
DA:119,0
LF:46
LH:4
BRDA:7,0,0,0
BRDA:7,0,1,0
BRDA:13,1,0,0
BRDA:13,1,1,0
BRDA:19,2,0,0
BRDA:19,2,1,0
BRF:6
BRH:0
end_of_record
TN:
SF:src\api\api.user.js
FN:6,(anonymous_0)
FN:12,(anonymous_1)
FN:20,(anonymous_2)
FN:21,(anonymous_3)
FN:26,(anonymous_4)
FN:29,(anonymous_5)
FN:31,(anonymous_6)
FN:38,(anonymous_7)
FN:39,(anonymous_8)
FNF:9
FNH:0
FNDA:0,(anonymous_0)
FNDA:0,(anonymous_1)
FNDA:0,(anonymous_2)
FNDA:0,(anonymous_3)
FNDA:0,(anonymous_4)
FNDA:0,(anonymous_5)
FNDA:0,(anonymous_6)
FNDA:0,(anonymous_7)
FNDA:0,(anonymous_8)
DA:3,1
DA:6,1
DA:7,0
DA:8,0
DA:12,1
DA:21,0
DA:22,0
DA:23,0
DA:26,0
DA:30,0
DA:31,0
DA:32,0
DA:33,0
DA:36,0
DA:38,0
DA:39,0
LF:16
LH:3
BRDA:7,0,0,0
BRDA:7,0,1,0
BRF:2
BRH:0
end_of_record
TN:
SF:src\store\playlists\playlistsSlice.js
FN:21,(anonymous_0)
FN:29,(anonymous_1)
FN:37,(anonymous_2)
FN:45,(anonymous_3)
FN:53,(anonymous_4)
FN:65,(anonymous_5)
FN:68,(anonymous_6)
FN:72,(anonymous_7)
FN:75,(anonymous_8)
FN:78,(anonymous_9)
FN:83,(anonymous_10)
FN:87,(anonymous_11)
FN:90,(anonymous_12)
FN:95,(anonymous_13)
FN:99,(anonymous_14)
FN:102,(anonymous_15)
FN:106,(anonymous_16)
FN:110,(anonymous_17)
FN:113,(anonymous_18)
FN:117,(anonymous_19)
FN:121,(anonymous_20)
FN:126,(anonymous_21)
FN:133,(anonymous_22)
FN:145,(anonymous_23)
FN:146,(anonymous_24)
FN:147,(anonymous_25)
FN:148,(anonymous_26)
FN:149,(anonymous_27)
FNF:28
FNH:3
FNDA:0,(anonymous_0)
FNDA:0,(anonymous_1)
FNDA:0,(anonymous_2)
FNDA:0,(anonymous_3)
FNDA:0,(anonymous_4)
FNDA:1,(anonymous_5)
FNDA:1,(anonymous_6)
FNDA:1,(anonymous_7)
FNDA:0,(anonymous_8)
FNDA:0,(anonymous_9)
FNDA:0,(anonymous_10)
FNDA:0,(anonymous_11)
FNDA:0,(anonymous_12)
FNDA:0,(anonymous_13)
FNDA:0,(anonymous_14)
FNDA:0,(anonymous_15)
FNDA:0,(anonymous_16)
FNDA:0,(anonymous_17)
FNDA:0,(anonymous_18)
FNDA:0,(anonymous_19)
FNDA:0,(anonymous_20)
FNDA:0,(anonymous_21)
FNDA:0,(anonymous_22)
FNDA:0,(anonymous_23)
FNDA:0,(anonymous_24)
FNDA:0,(anonymous_25)
FNDA:0,(anonymous_26)
FNDA:0,(anonymous_27)
DA:9,1
DA:10,1
DA:19,1
DA:22,0
DA:23,0
DA:27,1
DA:30,0
DA:31,0
DA:35,1
DA:38,0
DA:39,0
DA:43,1
DA:46,0
DA:47,0
DA:51,1
DA:54,0
DA:57,0
DA:61,1
DA:66,1
DA:69,1
DA:74,1
DA:76,0
DA:79,0
DA:80,0
DA:81,0
DA:84,0
DA:85,0
DA:88,0
DA:91,0
DA:92,0
DA:93,0
DA:96,0
DA:97,0
DA:100,0
DA:103,0
DA:104,0
DA:107,0
DA:108,0
DA:111,0
DA:114,0
DA:115,0
DA:118,0
DA:119,0
DA:122,0
DA:127,0
DA:128,0
DA:134,0
DA:135,0
DA:140,1
DA:145,1
DA:146,1
DA:147,1
DA:148,1
DA:149,1
LF:54
LH:17
BRF:0
BRH:0
end_of_record
TN:
SF:src\store\user\userSlice.js
FN:20,(anonymous_0)
FN:28,(anonymous_1)
FN:38,(anonymous_2)
FN:41,(anonymous_3)
FN:44,(anonymous_4)
FN:51,(anonymous_5)
FN:54,(anonymous_6)
FN:57,(anonymous_7)
FN:62,(anonymous_8)
FN:72,(anonymous_9)
FN:73,(anonymous_10)
FN:74,(anonymous_11)
FN:75,(anonymous_12)
FNF:13
FNH:1
FNDA:0,(anonymous_0)
FNDA:0,(anonymous_1)
FNDA:1,(anonymous_2)
FNDA:0,(anonymous_3)
FNDA:0,(anonymous_4)
FNDA:0,(anonymous_5)
FNDA:0,(anonymous_6)
FNDA:0,(anonymous_7)
FNDA:0,(anonymous_8)
FNDA:0,(anonymous_9)
FNDA:0,(anonymous_10)
FNDA:0,(anonymous_11)
FNDA:0,(anonymous_12)
DA:9,1
DA:10,1
DA:18,1
DA:21,0
DA:22,0
DA:26,1
DA:29,0
DA:30,0
DA:34,1
DA:40,1
DA:42,0
DA:45,0
DA:46,0
DA:47,0
DA:48,0
DA:49,0
DA:52,0
DA:55,0
DA:58,0
DA:59,0
DA:60,0
DA:63,0
DA:64,0
DA:72,1
DA:73,1
DA:74,1
DA:75,1
LF:27
LH:10
BRF:0
BRH:0
end_of_record
TN:
SF:src\utils\convertMsToMinutesSeconds.js
FN:1,(anonymous_0)
FN:5,(anonymous_1)
FNF:2
FNH:2
FNDA:1,(anonymous_0)
FNDA:1,(anonymous_1)
DA:1,1
DA:2,1
DA:5,1
DA:6,1
DA:7,1
DA:9,1
LF:6
LH:6
BRDA:9,0,0,0
BRDA:9,0,1,1
BRF:2
BRH:1
end_of_record
